<?xml version="1.0" encoding="UTF-8"?>
<testsuite name="com.example.android.SimpleCalc.CalculatorTest" tests="1" skipped="0" failures="0" errors="0" timestamp="2023-10-03T14:36:33" hostname="Byhq-" time="0.006">
  <properties/>
  <testcase name="divMulZero" classname="com.example.android.SimpleCalc.CalculatorTest" time="0.006"/>
  <system-out><![CDATA[]]></system-out>
  <system-err><![CDATA[]]></system-err>
</testsuite>
